Сборка начата 15.09.2014 1:28:31.
     1>Проект "C:\Users\vlad0_000\Documents\Visual Studio 2013\Projects\Laboratornaya5\ConsoleApplication23\ConsoleApplication23.vcxproj" в узле 2 (целевые объекты Build).
     1>ClCompile:
         C:\Program Files (x86)\Microsoft Visual Studio 12.0\VC\bin\CL.exe /c /ZI /nologo /W3 /WX- /Od /Oy- /D WIN32 /D _DEBUG /D _CONSOLE /D _UNICODE /D UNICODE /Gm /EHsc /RTC1 /MDd /GS /fp:precise /Zc:wchar_t /Zc:forScope /Fo"Debug\\" /Fd"Debug\vc120.pdb" /Gd /TP /analyze- /errorReport:prompt main.cpp
         main.cpp
       Link:
         C:\Program Files (x86)\Microsoft Visual Studio 12.0\VC\bin\link.exe /ERRORREPORT:PROMPT /OUT:"C:\Users\vlad0_000\Documents\Visual Studio 2013\Projects\Laboratornaya5\Debug\ConsoleApplication23.exe" /INCREMENTAL /NOLOGO kernel32.lib user32.lib gdi32.lib winspool.lib comdlg32.lib advapi32.lib shell32.lib ole32.lib oleaut32.lib uuid.lib odbc32.lib odbccp32.lib /MANIFEST /MANIFESTUAC:"level='asInvoker' uiAccess='false'" /manifest:embed /DEBUG /PDB:"C:\Users\vlad0_000\Documents\Visual Studio 2013\Projects\Laboratornaya5\Debug\ConsoleApplication23.pdb" /SUBSYSTEM:CONSOLE /TLBID:1 /DYNAMICBASE /NXCOMPAT /IMPLIB:"C:\Users\vlad0_000\Documents\Visual Studio 2013\Projects\Laboratornaya5\Debug\ConsoleApplication23.lib" /MACHINE:X86 Debug\copy.obj
         Debug\digital.obj
         Debug\length.obj
         Debug\main.obj
         Debug\mantissa.obj
         Debug\order.obj
         Debug\pos.obj
         Debug\real.obj
         Debug\sign.obj
         Debug\unSignInt.obj
         ConsoleApplication23.vcxproj -> C:\Users\vlad0_000\Documents\Visual Studio 2013\Projects\Laboratornaya5\Debug\ConsoleApplication23.exe
     1>Сборка проекта "C:\Users\vlad0_000\Documents\Visual Studio 2013\Projects\Laboratornaya5\ConsoleApplication23\ConsoleApplication23.vcxproj" завершена (целевые объекты Build).

Сборка успешно завершена.

Затраченное время: 00:00:02.24
