Сборка начата 28.04.2014 12:23:38.
     1>Проект "D:\1 курс\2 семестр\Фрукты\Фрукты\Фрукты.vcxproj" в узле 2 (целевые объекты Build).
     1>ClCompile:
         C:\Program Files (x86)\Microsoft Visual Studio 12.0\VC\bin\CL.exe /c /ZI /nologo /W3 /WX- /sdl /Od /Oy- /D WIN32 /D _DEBUG /D _CONSOLE /D _LIB /D _UNICODE /D UNICODE /Gm /EHsc /RTC1 /MDd /GS /fp:precise /Zc:wchar_t /Zc:forScope /Fo"Debug\\" /Fd"Debug\vc120.pdb" /Gd /TP /analyze- /errorReport:prompt Apple.cpp Banana.cpp Basket.cpp Fruit.cpp main.cpp Orange.cpp
         Orange.cpp
         main.cpp
         Fruit.cpp
         Basket.cpp
         Banana.cpp
         Apple.cpp
         Создание кода...
       Link:
         C:\Program Files (x86)\Microsoft Visual Studio 12.0\VC\bin\link.exe /ERRORREPORT:PROMPT /OUT:"D:\1 курс\2 семестр\Фрукты\Debug\Фрукты.exe" /INCREMENTAL /NOLOGO kernel32.lib user32.lib gdi32.lib winspool.lib comdlg32.lib advapi32.lib shell32.lib ole32.lib oleaut32.lib uuid.lib odbc32.lib odbccp32.lib /MANIFEST /MANIFESTUAC:"level='asInvoker' uiAccess='false'" /manifest:embed /DEBUG /PDB:"D:\1 курс\2 семестр\Фрукты\Debug\Фрукты.pdb" /SUBSYSTEM:CONSOLE /TLBID:1 /DYNAMICBASE /NXCOMPAT /IMPLIB:"D:\1 курс\2 семестр\Фрукты\Debug\Фрукты.lib" /MACHINE:X86 Debug\Apple.obj
         Debug\Banana.obj
         Debug\Basket.obj
         Debug\Fruit.obj
         Debug\main.obj
         Debug\Orange.obj
         LINK : не найден или не выполнена сборка D:\1 курс\2 семестр\Фрукты\Debug\Фрукты.exe при последней инкрементной компоновке; выполняется полная компоновка
         Фрукты.vcxproj -> D:\1 курс\2 семестр\Фрукты\Debug\Фрукты.exe
     1>Сборка проекта "D:\1 курс\2 семестр\Фрукты\Фрукты\Фрукты.vcxproj" завершена (целевые объекты Build).

Сборка успешно завершена.

Затраченное время: 00:00:17.45
