Сборка начата 08.09.2015 12:26:17.
     1>Проект "C:\Users\Веник Лапочкин\Documents\Visual Studio 2013\Projects\ALL PROGS\SPH\SPH.vcxproj" в узле 2 (целевые объекты Build).
     1>ClCompile:
         C:\Program Files (x86)\Microsoft Visual Studio 12.0\VC\bin\CL.exe /c /ZI /nologo /W3 /WX- /sdl /Od /Oy- /D _MBCS /Gm /EHsc /RTC1 /MDd /GS /fp:precise /Zc:wchar_t /Zc:forScope /Fo"Debug\\" /Fd"Debug\vc120.pdb" /Gd /TP /analyze- /errorReport:prompt SPH.cpp
         SPH.cpp
     1>c:\users\веник лапочкин\documents\visual studio 2013\projects\all progs\sph\sph.cpp(27): warning C4244: инициализация: преобразование "unsigned __int64" в "int", возможна потеря данных
     1>c:\users\веник лапочкин\documents\visual studio 2013\projects\all progs\sph\sph.cpp(45): warning C4244: =: преобразование "unsigned __int64" в "int", возможна потеря данных
     1>c:\users\веник лапочкин\documents\visual studio 2013\projects\all progs\sph\sph.cpp(56): warning C4244: инициализация: преобразование "unsigned __int64" в "int", возможна потеря данных
     1>c:\users\веник лапочкин\documents\visual studio 2013\projects\all progs\sph\sph.cpp(57): warning C4244: аргумент: преобразование "unsigned __int64" в "int", возможна потеря данных
     1>c:\users\веник лапочкин\documents\visual studio 2013\projects\all progs\sph\sph.cpp(64): warning C4244: =: преобразование "unsigned __int64" в "int", возможна потеря данных
     1>c:\users\веник лапочкин\documents\visual studio 2013\projects\all progs\sph\sph.cpp(66): warning C4244: инициализация: преобразование "unsigned __int64" в "int", возможна потеря данных
     1>c:\users\веник лапочкин\documents\visual studio 2013\projects\all progs\sph\sph.cpp(67): warning C4244: =: преобразование "unsigned __int64" в "int", возможна потеря данных
     1>c:\users\веник лапочкин\documents\visual studio 2013\projects\all progs\sph\sph.cpp(73): warning C4244: =: преобразование "unsigned __int64" в "int", возможна потеря данных
     1>c:\users\веник лапочкин\documents\visual studio 2013\projects\all progs\sph\sph.cpp(106): warning C4244: =: преобразование "unsigned __int64" в "int", возможна потеря данных
     1>c:\users\веник лапочкин\documents\visual studio 2013\projects\all progs\sph\sph.cpp(122): warning C4244: аргумент: преобразование "unsigned __int64" в "int", возможна потеря данных
       Link:
         C:\Program Files (x86)\Microsoft Visual Studio 12.0\VC\bin\link.exe /ERRORREPORT:PROMPT /OUT:"C:\Users\Веник Лапочкин\Documents\Visual Studio 2013\Projects\ALL PROGS\Debug\SPH.exe" /INCREMENTAL /NOLOGO kernel32.lib user32.lib gdi32.lib winspool.lib comdlg32.lib advapi32.lib shell32.lib ole32.lib oleaut32.lib uuid.lib odbc32.lib odbccp32.lib /MANIFEST /MANIFESTUAC:"level='asInvoker' uiAccess='false'" /manifest:embed /DEBUG /PDB:"C:\Users\Веник Лапочкин\Documents\Visual Studio 2013\Projects\ALL PROGS\Debug\SPH.pdb" /TLBID:1 /DYNAMICBASE /NXCOMPAT /IMPLIB:"C:\Users\Веник Лапочкин\Documents\Visual Studio 2013\Projects\ALL PROGS\Debug\SPH.lib" /MACHINE:X86 Debug\SPH.obj
         SPH.vcxproj -> C:\Users\Веник Лапочкин\Documents\Visual Studio 2013\Projects\ALL PROGS\Debug\SPH.exe
     1>Сборка проекта "C:\Users\Веник Лапочкин\Documents\Visual Studio 2013\Projects\ALL PROGS\SPH\SPH.vcxproj" завершена (целевые объекты Build).

Сборка успешно завершена.

Затраченное время: 00:00:01.23
