Сборка начата 12.04.2015 17:57:53.
     1>Проект "D:\Программы 2 курс\C++\Lab2\Lab2\Lab2.vcxproj" в узле 2 (целевые объекты Build).
     1>ClCompile:
         C:\Program Files (x86)\Microsoft Visual Studio 12.0\VC\bin\CL.exe /c /ZI /nologo /W3 /WX- /sdl /Od /Oy- /D _MBCS /Gm /EHsc /RTC1 /MDd /GS /fp:precise /Zc:wchar_t /Zc:forScope /Fo"Debug\\" /Fd"Debug\vc120.pdb" /Gd /TP /analyze- /errorReport:prompt cmathmsg.cpp DECOMPnSOLVE.cpp main.cpp
         main.cpp
     1>d:\программы 2 курс\c++\lab2\lab2\cmath.h(134): warning C4091: typedef : пропускается слева от "polynomial", когда ни одна переменная не объявлена
     1>d:\программы 2 курс\c++\lab2\lab2\cmath.h(142): warning C4091: typedef : пропускается слева от "COMPLEX", когда ни одна переменная не объявлена
     1>d:\программы 2 курс\c++\lab2\lab2\cmath.h(155): warning C4091: typedef : пропускается слева от "BSPLSTRC", когда ни одна переменная не объявлена
     1>d:\программы 2 курс\c++\lab2\lab2\main.cpp(145): warning C4129: |: неизвестная escape-последовательность
     1>d:\программы 2 курс\c++\lab2\lab2\main.cpp(168): warning C4129: |: неизвестная escape-последовательность
     1>d:\программы 2 курс\c++\lab2\lab2\main.cpp(190): warning C4129: |: неизвестная escape-последовательность
         DECOMPnSOLVE.cpp
     1>d:\программы 2 курс\c++\lab2\lab2\cmath.h(134): warning C4091: typedef : пропускается слева от "polynomial", когда ни одна переменная не объявлена
     1>d:\программы 2 курс\c++\lab2\lab2\cmath.h(142): warning C4091: typedef : пропускается слева от "COMPLEX", когда ни одна переменная не объявлена
     1>d:\программы 2 курс\c++\lab2\lab2\cmath.h(155): warning C4091: typedef : пропускается слева от "BSPLSTRC", когда ни одна переменная не объявлена
         cmathmsg.cpp
     1>d:\программы 2 курс\c++\lab2\lab2\cmath.h(134): warning C4091: typedef : пропускается слева от "polynomial", когда ни одна переменная не объявлена
     1>d:\программы 2 курс\c++\lab2\lab2\cmath.h(142): warning C4091: typedef : пропускается слева от "COMPLEX", когда ни одна переменная не объявлена
     1>d:\программы 2 курс\c++\lab2\lab2\cmath.h(155): warning C4091: typedef : пропускается слева от "BSPLSTRC", когда ни одна переменная не объявлена
     1>d:\программы 2 курс\c++\lab2\lab2\cmathmsg.cpp(106): warning C4065: оператор switch содержит метку "default", но не содержит ни одной метки "case"
     1>d:\программы 2 курс\c++\lab2\lab2\cmathmsg.cpp(139): warning C4065: оператор switch содержит метку "default", но не содержит ни одной метки "case"
         Создание кода...
       Link:
         C:\Program Files (x86)\Microsoft Visual Studio 12.0\VC\bin\link.exe /ERRORREPORT:PROMPT /OUT:"D:\Программы 2 курс\C++\Lab2\Debug\Lab2.exe" /INCREMENTAL /NOLOGO kernel32.lib user32.lib gdi32.lib winspool.lib comdlg32.lib advapi32.lib shell32.lib ole32.lib oleaut32.lib uuid.lib odbc32.lib odbccp32.lib /MANIFEST /MANIFESTUAC:"level='asInvoker' uiAccess='false'" /manifest:embed /DEBUG /PDB:"D:\Программы 2 курс\C++\Lab2\Debug\Lab2.pdb" /TLBID:1 /DYNAMICBASE /NXCOMPAT /IMPLIB:"D:\Программы 2 курс\C++\Lab2\Debug\Lab2.lib" /MACHINE:X86 Debug\cmathmsg.obj
         Debug\DECOMPnSOLVE.obj
         Debug\main.obj
         Lab2.vcxproj -> D:\Программы 2 курс\C++\Lab2\Debug\Lab2.exe
     1>Сборка проекта "D:\Программы 2 курс\C++\Lab2\Lab2\Lab2.vcxproj" завершена (целевые объекты Build).

Сборка успешно завершена.

Затраченное время: 00:00:08.92
