Сборка начата 14.09.2014 23:45:45.
     1>Проект "D:\Программы 1 курс на C++\2 семестр\Периметр и площадь тре-ка,прям-ка\Периметр и площадь тре-ка,прям-ка\Периметр и площадь тре-ка,прям-ка.vcxproj" в узле 2 (целевые объекты Build).
     1>ClCompile:
         C:\Program Files (x86)\Microsoft Visual Studio 12.0\VC\bin\CL.exe /c /ZI /nologo /W3 /WX- /sdl /Od /Oy- /D WIN32 /D _DEBUG /D _CONSOLE /D _LIB /D _UNICODE /D UNICODE /Gm /EHsc /RTC1 /MDd /GS /fp:precise /Zc:wchar_t /Zc:forScope /Fo"Debug\\" /Fd"Debug\vc120.pdb" /Gd /TP /analyze- /errorReport:prompt ArrayofTriangle.cpp ComparisonTR.cpp main.cpp Point.cpp Polygon.cpp Rectangle.cpp Triangle.cpp
         Triangle.cpp
     1>d:\программы 1 курс на c++\2 семестр\периметр и площадь тре-ка,прям-ка\периметр и площадь тре-ка,прям-ка\triangle.cpp(4): warning C4800: double: принудительно задано логическое значение "true" или "false" (предупреждение о производительности)
         Rectangle.cpp
         Polygon.cpp
         Point.cpp
         main.cpp
         ComparisonTR.cpp
         ArrayofTriangle.cpp
         Создание кода...
       Link:
         C:\Program Files (x86)\Microsoft Visual Studio 12.0\VC\bin\link.exe /ERRORREPORT:PROMPT /OUT:"D:\Программы 1 курс на C++\2 семестр\Периметр и площадь тре-ка,прям-ка\Debug\Периметр и площадь тре-ка,прям-ка.exe" /INCREMENTAL /NOLOGO kernel32.lib user32.lib gdi32.lib winspool.lib comdlg32.lib advapi32.lib shell32.lib ole32.lib oleaut32.lib uuid.lib odbc32.lib odbccp32.lib /MANIFEST /MANIFESTUAC:"level='asInvoker' uiAccess='false'" /manifest:embed /DEBUG /PDB:"D:\Программы 1 курс на C++\2 семестр\Периметр и площадь тре-ка,прям-ка\Debug\Периметр и площадь тре-ка,прям-ка.pdb" /SUBSYSTEM:CONSOLE /TLBID:1 /DYNAMICBASE /NXCOMPAT /IMPLIB:"D:\Программы 1 курс на C++\2 семестр\Периметр и площадь тре-ка,прям-ка\Debug\Периметр и площадь тре-ка,прям-ка.lib" /MACHINE:X86 Debug\ArrayofTriangle.obj
         Debug\ComparisonTR.obj
         Debug\main.obj
         Debug\Point.obj
         Debug\Polygon.obj
         Debug\Rectangle.obj
         Debug\Triangle.obj
         LINK : не найден или не выполнена сборка D:\Программы 1 курс на C++\2 семестр\Периметр и площадь тре-ка,прям-ка\Debug\Периметр и площадь тре-ка,прям-ка.exe при последней инкрементной компоновке; выполняется полная компоновка
         Периметр и площадь тре-ка,прям-ка.vcxproj -> D:\Программы 1 курс на C++\2 семестр\Периметр и площадь тре-ка,прям-ка\Debug\Периметр и площадь тре-ка,прям-ка.exe
     1>Сборка проекта "D:\Программы 1 курс на C++\2 семестр\Периметр и площадь тре-ка,прям-ка\Периметр и площадь тре-ка,прям-ка\Периметр и площадь тре-ка,прям-ка.vcxproj" завершена (целевые объекты Build).

Сборка успешно завершена.

Затраченное время: 00:00:22.00
