Сборка начата 18.03.2015 19:26:19.
     1>Проект "C:\Users\vlad0_000\Documents\Visual Studio 2013\Projects\Lab3\Lab3\Lab3.vcxproj" в узле 2 (целевые объекты Build).
     1>ClCompile:
         C:\Program Files (x86)\Microsoft Visual Studio 12.0\VC\bin\CL.exe /c /ZI /nologo /W3 /WX- /sdl /Od /Oy- /D _MBCS /Gm /EHsc /RTC1 /MDd /GS /fp:precise /Zc:wchar_t /Zc:forScope /Fo"Debug\\" /Fd"Debug\vc120.pdb" /Gd /TP /analyze- /errorReport:prompt main.cpp
         main.cpp
     1>c:\users\vlad0_000\documents\visual studio 2013\projects\lab3\lab3\trkf45_1\rkf45.h(43): warning C4244: =: преобразование "double" в "float", возможна потеря данных
     1>c:\users\vlad0_000\documents\visual studio 2013\projects\lab3\lab3\trkf45_1\rkf45.h(47): warning C4244: =: преобразование "double" в "float", возможна потеря данных
     1>c:\users\vlad0_000\documents\visual studio 2013\projects\lab3\lab3\trkf45_1\rkf45.h(49): warning C4244: =: преобразование "double" в "float", возможна потеря данных
     1>c:\users\vlad0_000\documents\visual studio 2013\projects\lab3\lab3\trkf45_1\rkf45.h(50): warning C4244: аргумент: преобразование "double" в "float", возможна потеря данных
     1>c:\users\vlad0_000\documents\visual studio 2013\projects\lab3\lab3\trkf45_1\rkf45.h(51): warning C4244: =: преобразование "double" в "float", возможна потеря данных
     1>c:\users\vlad0_000\documents\visual studio 2013\projects\lab3\lab3\trkf45_1\rkf45.h(53): warning C4244: =: преобразование "double" в "float", возможна потеря данных
     1>c:\users\vlad0_000\documents\visual studio 2013\projects\lab3\lab3\trkf45_1\rkf45.h(54): warning C4244: аргумент: преобразование "double" в "float", возможна потеря данных
     1>c:\users\vlad0_000\documents\visual studio 2013\projects\lab3\lab3\trkf45_1\rkf45.h(55): warning C4244: =: преобразование "double" в "float", возможна потеря данных
     1>c:\users\vlad0_000\documents\visual studio 2013\projects\lab3\lab3\trkf45_1\rkf45.h(58): warning C4244: =: преобразование "double" в "float", возможна потеря данных
     1>c:\users\vlad0_000\documents\visual studio 2013\projects\lab3\lab3\trkf45_1\rkf45.h(60): warning C4244: =: преобразование "double" в "float", возможна потеря данных
     1>c:\users\vlad0_000\documents\visual studio 2013\projects\lab3\lab3\trkf45_1\rkf45.h(63): warning C4244: =: преобразование "double" в "float", возможна потеря данных
     1>c:\users\vlad0_000\documents\visual studio 2013\projects\lab3\lab3\trkf45_1\rkf45.h(64): warning C4244: аргумент: преобразование "double" в "float", возможна потеря данных
     1>c:\users\vlad0_000\documents\visual studio 2013\projects\lab3\lab3\trkf45_1\rkf45.h(65): warning C4244: =: преобразование "double" в "float", возможна потеря данных
     1>c:\users\vlad0_000\documents\visual studio 2013\projects\lab3\lab3\trkf45_1\rkf45.h(68): warning C4244: =: преобразование "double" в "float", возможна потеря данных
     1>c:\users\vlad0_000\documents\visual studio 2013\projects\lab3\lab3\trkf45_1\rkf45.h(84): warning C4305: инициализация: усечение из "double" к "float"
     1>c:\users\vlad0_000\documents\visual studio 2013\projects\lab3\lab3\trkf45_1\rkf45.h(88): warning C4305: =: усечение из "double" к "float"
     1>c:\users\vlad0_000\documents\visual studio 2013\projects\lab3\lab3\trkf45_1\rkf45.h(98): warning C4244: =: преобразование "double" в "float", возможна потеря данных
     1>c:\users\vlad0_000\documents\visual studio 2013\projects\lab3\lab3\trkf45_1\rkf45.h(99): warning C4244: =: преобразование "double" в "float", возможна потеря данных
     1>c:\users\vlad0_000\documents\visual studio 2013\projects\lab3\lab3\trkf45_1\rkf45.h(101): warning C4244: =: преобразование "double" в "float", возможна потеря данных
     1>c:\users\vlad0_000\documents\visual studio 2013\projects\lab3\lab3\trkf45_1\rkf45.h(133): warning C4244: =: преобразование "double" в "float", возможна потеря данных
     1>c:\users\vlad0_000\documents\visual studio 2013\projects\lab3\lab3\trkf45_1\rkf45.h(184): warning C4244: =: преобразование "double" в "float", возможна потеря данных
     1>c:\users\vlad0_000\documents\visual studio 2013\projects\lab3\lab3\trkf45_1\rkf45.h(194): warning C4244: =: преобразование "double" в "float", возможна потеря данных
     1>c:\users\vlad0_000\documents\visual studio 2013\projects\lab3\lab3\trkf45_1\rkf45.h(210): warning C4244: =: преобразование "double" в "float", возможна потеря данных
     1>c:\users\vlad0_000\documents\visual studio 2013\projects\lab3\lab3\trkf45_1\rkf45.h(214): warning C4244: =: преобразование "double" в "float", возможна потеря данных
     1>c:\users\vlad0_000\documents\visual studio 2013\projects\lab3\lab3\trkf45_1\rkf45.h(218): warning C4305: =: усечение из "double" к "float"
     1>c:\users\vlad0_000\documents\visual studio 2013\projects\lab3\lab3\trkf45_1\rkf45.h(219): warning C4244: =: преобразование "double" в "float", возможна потеря данных
     1>c:\users\vlad0_000\documents\visual studio 2013\projects\lab3\lab3\trkf45_1\rkf45.h(233): warning C4244: =: преобразование "double" в "float", возможна потеря данных
     1>c:\users\vlad0_000\documents\visual studio 2013\projects\lab3\lab3\trkf45_1\rkf45.h(228): warning C4102: l270: неиспользованная метка
     1>c:\users\vlad0_000\documents\visual studio 2013\projects\lab3\lab3\trkf45_1\rkf45.h(213): warning C4102: l250: неиспользованная метка
     1>c:\users\vlad0_000\documents\visual studio 2013\projects\lab3\lab3\trkf45_1\rkf45.h(178): warning C4102: l90: неиспользованная метка
     1>c:\users\vlad0_000\documents\visual studio 2013\projects\lab3\lab3\main.cpp(22): warning C4305: инициализация: усечение из "double" к "float"
     1>c:\users\vlad0_000\documents\visual studio 2013\projects\lab3\lab3\main.cpp(23): warning C4305: инициализация: усечение из "double" к "float"
     1>c:\users\vlad0_000\documents\visual studio 2013\projects\lab3\lab3\main.cpp(26): warning C4305: инициализация: усечение из "double" к "float"
     1>c:\users\vlad0_000\documents\visual studio 2013\projects\lab3\lab3\main.cpp(37): warning C4305: =: усечение из "double" к "float"
     1>c:\users\vlad0_000\documents\visual studio 2013\projects\lab3\lab3\main.cpp(77): warning C4305: =: усечение из "double" к "float"
       Link:
         C:\Program Files (x86)\Microsoft Visual Studio 12.0\VC\bin\link.exe /ERRORREPORT:PROMPT /OUT:"C:\Users\vlad0_000\Documents\Visual Studio 2013\Projects\Lab3\Debug\Lab3.exe" /INCREMENTAL /NOLOGO kernel32.lib user32.lib gdi32.lib winspool.lib comdlg32.lib advapi32.lib shell32.lib ole32.lib oleaut32.lib uuid.lib odbc32.lib odbccp32.lib /MANIFEST /MANIFESTUAC:"level='asInvoker' uiAccess='false'" /manifest:embed /DEBUG /PDB:"C:\Users\vlad0_000\Documents\Visual Studio 2013\Projects\Lab3\Debug\Lab3.pdb" /TLBID:1 /DYNAMICBASE /NXCOMPAT /IMPLIB:"C:\Users\vlad0_000\Documents\Visual Studio 2013\Projects\Lab3\Debug\Lab3.lib" /MACHINE:X86 Debug\main.obj
         Lab3.vcxproj -> C:\Users\vlad0_000\Documents\Visual Studio 2013\Projects\Lab3\Debug\Lab3.exe
     1>Сборка проекта "C:\Users\vlad0_000\Documents\Visual Studio 2013\Projects\Lab3\Lab3\Lab3.vcxproj" завершена (целевые объекты Build).

Сборка успешно завершена.

Затраченное время: 00:00:01.35
